        -:    0:Source:D:/Downloads/Downloads/a7-8v2/a7-8/Controller.cpp
        -:    0:Graph:D:\Downloads\Downloads\a7-8v2\a7-8\cmake-build-debug-coverage\CMakeFiles\a5_6.dir\Controller.cpp.gcno
        -:    0:Data:D:\Downloads\Downloads\a7-8v2\a7-8\cmake-build-debug-coverage\CMakeFiles\a5_6.dir\Controller.cpp.gcda
        -:    0:Runs:1
        -:    1:#include "Controller.h"
        -:    2:
function _ZN10ControllerC2E4Repo called 3 returned 100% blocks executed 57%
        3:    3:Controller::Controller(Repo r) {
        3:    3-block  0
call    0 returned 3
call    1 returned 3
branch  2 taken 3 (fallthrough)
branch  3 taken 0 (throw)
        3:    4:    this->repo = r;
        3:    4-block  0
call    0 returned 3
branch  1 taken 3 (fallthrough)
branch  2 taken 0 (throw)
        3:    5:    agenda = Agenda();
        3:    5-block  0
call    0 returned 3
branch  1 taken 3 (fallthrough)
branch  2 taken 0 (throw)
        3:    5-block  1
call    3 returned 3
branch  4 taken 3 (fallthrough)
branch  5 taken 0 (throw)
        3:    5-block  2
call    6 returned 3
    $$$$$:    5-block  3
call    7 never executed
    $$$$$:    5-block  4
        3:    6:}
    $$$$$:    6-block  0
call    0 never executed
    $$$$$:    6-block  1
call    1 never executed
        -:    7:
function _ZN10ControllerC2Ev called 1 returned 100% blocks executed 80%
        1:    8:Controller::Controller() {
        1:    8-block  0
call    0 returned 1
call    1 returned 1
branch  2 taken 1 (fallthrough)
branch  3 taken 0 (throw)
        -:    9:
        1:   10:}
        1:   10-block  0
    $$$$$:   10-block  1
call    0 never executed
        -:   11:
        -:   12:
        -:   13:
function _ZN10Controller17add_Event_to_repoENSt7__cxx1112basic_stringIcSt11char_traitsIcESaIcEEES5_S5_8Durationi called 35 returned 100% blocks executed 52%
       35:   14:bool Controller::add_Event_to_repo(std::string title, std::string description, std::string link, Duration duration,
        -:   15:                                 int number_of_people) {
       70:   16:    Event to_add = Event(title, description, link, number_of_people, duration);
       35:   16-block  0
call    0 returned 35
branch  1 taken 35 (fallthrough)
branch  2 taken 0 (throw)
       35:   16-block  1
call    3 returned 35
branch  4 taken 35 (fallthrough)
branch  5 taken 0 (throw)
       35:   16-block  2
call    6 returned 35
branch  7 taken 35 (fallthrough)
branch  8 taken 0 (throw)
       35:   16-block  3
call    9 returned 35
branch 10 taken 35 (fallthrough)
branch 11 taken 0 (throw)
       35:   16-block  4
call   12 returned 35
branch 13 taken 35 (fallthrough)
branch 14 taken 0 (throw)
call   15 returned 35
call   16 returned 35
    $$$$$:   16-block  5
    $$$$$:   16-block  6
    $$$$$:   16-block  7
    $$$$$:   16-block  8
       70:   17:    return repo.add_Event(to_add);
call    0 returned 35
branch  1 taken 35 (fallthrough)
branch  2 taken 0 (throw)
       35:   17-block  0
       35:   17-block  1
       35:   18:}
       35:   18-block  0
call    0 returned 35
    $$$$$:   18-block  1
call    1 never executed
        -:   19:
function _ZN10Controller22delete_Event_from_repoENSt7__cxx1112basic_stringIcSt11char_traitsIcESaIcEEES5_S5_ called 4 returned 100% blocks executed 54%
        4:   20:bool Controller::delete_Event_from_repo(std::string title, std::string description, std::string link) {
        8:   21:    Event to_delete = Event(title, description, link);
        4:   21-block  0
call    0 returned 4
branch  1 taken 4 (fallthrough)
branch  2 taken 0 (throw)
        4:   21-block  1
call    3 returned 4
branch  4 taken 4 (fallthrough)
branch  5 taken 0 (throw)
        4:   21-block  2
call    6 returned 4
branch  7 taken 4 (fallthrough)
branch  8 taken 0 (throw)
        4:   21-block  3
call    9 returned 4
branch 10 taken 4 (fallthrough)
branch 11 taken 0 (throw)
call   12 returned 4
call   13 returned 4
    $$$$$:   21-block  4
    $$$$$:   21-block  5
    $$$$$:   21-block  6
        8:   22:    return repo.delete_Event(to_delete);
call    0 returned 4
branch  1 taken 4 (fallthrough)
branch  2 taken 0 (throw)
        4:   22-block  0
        4:   22-block  1
        4:   23:}
        4:   23-block  0
call    0 returned 4
    $$$$$:   23-block  1
call    1 never executed
        -:   24:
function _ZN10Controller20update_Event_in_repoENSt7__cxx1112basic_stringIcSt11char_traitsIcESaIcEEES5_S5_S5_S5_S5_8Durationi called 53 returned 100% blocks executed 48%
       53:   25:bool Controller::update_Event_in_repo(std::string initial_title, std::string initial_description, std::string initial_link,
        -:   26:                               std::string final_title, std::string final_description, std::string final_link,
        -:   27:                               Duration final_duration, int final_number_of_people) {
      106:   28:    Event initial = Event(initial_title, initial_description, initial_link);
       53:   28-block  0
call    0 returned 53
branch  1 taken 53 (fallthrough)
branch  2 taken 0 (throw)
       53:   28-block  1
call    3 returned 53
branch  4 taken 53 (fallthrough)
branch  5 taken 0 (throw)
       53:   28-block  2
call    6 returned 53
branch  7 taken 53 (fallthrough)
branch  8 taken 0 (throw)
       53:   28-block  3
call    9 returned 53
branch 10 taken 53 (fallthrough)
branch 11 taken 0 (throw)
call   12 returned 53
call   13 returned 53
    $$$$$:   28-block  4
    $$$$$:   28-block  5
    $$$$$:   28-block  6
      106:   29:    Event final = Event(final_title, final_description, final_link, final_number_of_people, final_duration);
call    0 returned 53
branch  1 taken 53 (fallthrough)
branch  2 taken 0 (throw)
       53:   29-block  0
call    3 returned 53
branch  4 taken 53 (fallthrough)
branch  5 taken 0 (throw)
       53:   29-block  1
call    6 returned 53
branch  7 taken 53 (fallthrough)
branch  8 taken 0 (throw)
       53:   29-block  2
call    9 returned 53
branch 10 taken 53 (fallthrough)
branch 11 taken 0 (throw)
       53:   29-block  3
call   12 returned 53
branch 13 taken 53 (fallthrough)
branch 14 taken 0 (throw)
call   15 returned 53
call   16 returned 53
    $$$$$:   29-block  4
    $$$$$:   29-block  5
    $$$$$:   29-block  6
    $$$$$:   29-block  7
      106:   30:    return repo.update_Event(initial, final);
call    0 returned 53
branch  1 taken 53 (fallthrough)
branch  2 taken 0 (throw)
       53:   30-block  0
       53:   30-block  1
       53:   31:}
       53:   31-block  0
call    0 returned 53
call    1 returned 53
    $$$$$:   31-block  1
call    2 never executed
    $$$$$:   31-block  2
call    3 never executed
        -:   32:
        -:   33://Event *Controller::get_all_Events() const {
        -:   34://    return repo.get_all_Events();
        -:   35://}
        -:   36:
        -:   37:
function _ZNK10Controller9get_EventEi called 0 returned 0% blocks executed 0%
    #####:   38:Event Controller::get_Event(int i) const {
    #####:   39:    return this->repo.get_event(i);
    %%%%%:   39-block  0
call    0 never executed
        -:   40:}
        -:   41:
function _ZNK10Controller20get_number_of_EventsEv called 1 returned 100% blocks executed 100%
        1:   42:int Controller::get_number_of_Events() const{
        1:   43:    return repo.get_number_of_Events();
        1:   43-block  0
call    0 returned 1
        -:   44:}
        -:   45:
        -:   46://Controller::Controller(const Controller &s) {
        -:   47://    this->repo = s.repo;
        -:   48://    this->agenda = s.agenda;
        -:   49://}
        -:   50:
function _ZN10Controller15initialise_repoEv called 1 returned 100% blocks executed 43%
        1:   51:void Controller::initialise_repo() {
        1:   52:    add_Event_to_repo("Excursie Adeona cabana ciubaru verde", "Munte 200lei","https://static.wikia.nocookie.net/edwikia/images/5/57/Old_Abandoned_House.jpg/revision/latest?cb=20170322163415",Duration(7,30,2007,6,30), 10);
        1:   52-block  0
call    0 returned 1
call    1 returned 1
call    2 returned 1
branch  3 taken 1 (fallthrough)
branch  4 taken 0 (throw)
        1:   52-block  1
call    5 returned 1
call    6 returned 1
branch  7 taken 1 (fallthrough)
branch  8 taken 0 (throw)
        1:   52-block  2
call    9 returned 1
call   10 returned 1
branch 11 taken 1 (fallthrough)
branch 12 taken 0 (throw)
        1:   52-block  3
call   13 returned 1
branch 14 taken 1 (fallthrough)
branch 15 taken 0 (throw)
        1:   52-block  4
call   16 returned 1
call   17 returned 1
call   18 returned 1
call   19 returned 1
call   20 returned 1
call   21 returned 1
    $$$$$:   52-block  5
call   22 never executed
    $$$$$:   52-block  6
    $$$$$:   52-block  7
call   23 never executed
    $$$$$:   52-block  8
    $$$$$:   52-block  9
call   24 never executed
    $$$$$:   52-block 10
    $$$$$:   52-block 11
call   25 never executed
    $$$$$:   52-block 12
    $$$$$:   52-block 13
call   26 never executed
    $$$$$:   52-block 14
    $$$$$:   52-block 15
call   27 never executed
    $$$$$:   52-block 16
    $$$$$:   52-block 17
call   28 never executed
        1:   53:    add_Event_to_repo("Qrowozon", "YT", "https://www.youtube.com/watch?v=p9j3TKhOn30", Duration(6, 15,2022,12,24), 1);
call    0 returned 1
call    1 returned 1
call    2 returned 1
branch  3 taken 1 (fallthrough)
branch  4 taken 0 (throw)
        1:   53-block  0
call    5 returned 1
call    6 returned 1
branch  7 taken 1 (fallthrough)
branch  8 taken 0 (throw)
        1:   53-block  1
call    9 returned 1
call   10 returned 1
branch 11 taken 1 (fallthrough)
branch 12 taken 0 (throw)
        1:   53-block  2
call   13 returned 1
branch 14 taken 1 (fallthrough)
branch 15 taken 0 (throw)
        1:   53-block  3
call   16 returned 1
call   17 returned 1
call   18 returned 1
call   19 returned 1
call   20 returned 1
call   21 returned 1
    $$$$$:   53-block  4
call   22 never executed
    $$$$$:   53-block  5
    $$$$$:   53-block  6
call   23 never executed
    $$$$$:   53-block  7
    $$$$$:   53-block  8
call   24 never executed
    $$$$$:   53-block  9
    $$$$$:   53-block 10
call   25 never executed
    $$$$$:   53-block 11
    $$$$$:   53-block 12
call   26 never executed
    $$$$$:   53-block 13
    $$$$$:   53-block 14
call   27 never executed
    $$$$$:   53-block 15
    $$$$$:   53-block 16
call   28 never executed
        1:   54:    add_Event_to_repo("Animalia", "zoo", "https://static.wikia.nocookie.net/edwikia/images/4/47/Vlcsnap-2013-10-26-14h50m19s11.png/revision/latest/scale-to-width-down/250?cb=20131026215043", Duration(4,58,2022,7,5), 10);
call    0 returned 1
call    1 returned 1
call    2 returned 1
branch  3 taken 1 (fallthrough)
branch  4 taken 0 (throw)
        1:   54-block  0
call    5 returned 1
call    6 returned 1
branch  7 taken 1 (fallthrough)
branch  8 taken 0 (throw)
        1:   54-block  1
call    9 returned 1
call   10 returned 1
branch 11 taken 1 (fallthrough)
branch 12 taken 0 (throw)
        1:   54-block  2
call   13 returned 1
branch 14 taken 1 (fallthrough)
branch 15 taken 0 (throw)
        1:   54-block  3
call   16 returned 1
call   17 returned 1
call   18 returned 1
call   19 returned 1
call   20 returned 1
call   21 returned 1
    $$$$$:   54-block  4
call   22 never executed
    $$$$$:   54-block  5
    $$$$$:   54-block  6
call   23 never executed
    $$$$$:   54-block  7
    $$$$$:   54-block  8
call   24 never executed
    $$$$$:   54-block  9
    $$$$$:   54-block 10
call   25 never executed
    $$$$$:   54-block 11
    $$$$$:   54-block 12
call   26 never executed
    $$$$$:   54-block 13
    $$$$$:   54-block 14
call   27 never executed
    $$$$$:   54-block 15
    $$$$$:   54-block 16
call   28 never executed
        1:   55:    add_Event_to_repo("a", "b", "c", Duration(4,54,2021,9,20), 9);
call    0 returned 1
call    1 returned 1
call    2 returned 1
branch  3 taken 1 (fallthrough)
branch  4 taken 0 (throw)
        1:   55-block  0
call    5 returned 1
call    6 returned 1
branch  7 taken 1 (fallthrough)
branch  8 taken 0 (throw)
        1:   55-block  1
call    9 returned 1
call   10 returned 1
branch 11 taken 1 (fallthrough)
branch 12 taken 0 (throw)
        1:   55-block  2
call   13 returned 1
branch 14 taken 1 (fallthrough)
branch 15 taken 0 (throw)
        1:   55-block  3
call   16 returned 1
call   17 returned 1
call   18 returned 1
call   19 returned 1
call   20 returned 1
call   21 returned 1
    $$$$$:   55-block  4
call   22 never executed
    $$$$$:   55-block  5
    $$$$$:   55-block  6
call   23 never executed
    $$$$$:   55-block  7
    $$$$$:   55-block  8
call   24 never executed
    $$$$$:   55-block  9
    $$$$$:   55-block 10
call   25 never executed
    $$$$$:   55-block 11
    $$$$$:   55-block 12
call   26 never executed
    $$$$$:   55-block 13
    $$$$$:   55-block 14
call   27 never executed
    $$$$$:   55-block 15
    $$$$$:   55-block 16
call   28 never executed
        1:   56:    add_Event_to_repo("Pizza party", "parca fsega", "https://i.ytimg.com/vi/9nTW-R5UheM/maxresdefault.jpg", Duration(15, 46,2020,3,12), 6);
call    0 returned 1
call    1 returned 1
call    2 returned 1
branch  3 taken 1 (fallthrough)
branch  4 taken 0 (throw)
        1:   56-block  0
call    5 returned 1
call    6 returned 1
branch  7 taken 1 (fallthrough)
branch  8 taken 0 (throw)
        1:   56-block  1
call    9 returned 1
call   10 returned 1
branch 11 taken 1 (fallthrough)
branch 12 taken 0 (throw)
        1:   56-block  2
call   13 returned 1
branch 14 taken 1 (fallthrough)
branch 15 taken 0 (throw)
        1:   56-block  3
call   16 returned 1
call   17 returned 1
call   18 returned 1
call   19 returned 1
call   20 returned 1
call   21 returned 1
    $$$$$:   56-block  4
call   22 never executed
    $$$$$:   56-block  5
    $$$$$:   56-block  6
call   23 never executed
    $$$$$:   56-block  7
    $$$$$:   56-block  8
call   24 never executed
    $$$$$:   56-block  9
    $$$$$:   56-block 10
call   25 never executed
    $$$$$:   56-block 11
    $$$$$:   56-block 12
call   26 never executed
    $$$$$:   56-block 13
    $$$$$:   56-block 14
call   27 never executed
    $$$$$:   56-block 15
    $$$$$:   56-block 16
call   28 never executed
        1:   57:    add_Event_to_repo("Allnighter", "OOP", "https://www.looper.com/img/gallery/things-only-adults-notice-in-ed-edd-n-eddy/eddys-magazines-1592506552.jpg", Duration(4,35,2001,3,12), 10);
call    0 returned 1
call    1 returned 1
call    2 returned 1
branch  3 taken 1 (fallthrough)
branch  4 taken 0 (throw)
        1:   57-block  0
call    5 returned 1
call    6 returned 1
branch  7 taken 1 (fallthrough)
branch  8 taken 0 (throw)
        1:   57-block  1
call    9 returned 1
call   10 returned 1
branch 11 taken 1 (fallthrough)
branch 12 taken 0 (throw)
        1:   57-block  2
call   13 returned 1
branch 14 taken 1 (fallthrough)
branch 15 taken 0 (throw)
        1:   57-block  3
call   16 returned 1
call   17 returned 1
call   18 returned 1
call   19 returned 1
call   20 returned 1
call   21 returned 1
    $$$$$:   57-block  4
call   22 never executed
    $$$$$:   57-block  5
    $$$$$:   57-block  6
call   23 never executed
    $$$$$:   57-block  7
    $$$$$:   57-block  8
call   24 never executed
    $$$$$:   57-block  9
    $$$$$:   57-block 10
call   25 never executed
    $$$$$:   57-block 11
    $$$$$:   57-block 12
call   26 never executed
    $$$$$:   57-block 13
    $$$$$:   57-block 14
call   27 never executed
    $$$$$:   57-block 15
    $$$$$:   57-block 16
call   28 never executed
        1:   58:    add_Event_to_repo("Untold", "music", "https://i.gifer.com/1IC7.gif", Duration(4,40,2022,3,12), 900);
call    0 returned 1
call    1 returned 1
call    2 returned 1
branch  3 taken 1 (fallthrough)
branch  4 taken 0 (throw)
        1:   58-block  0
call    5 returned 1
call    6 returned 1
branch  7 taken 1 (fallthrough)
branch  8 taken 0 (throw)
        1:   58-block  1
call    9 returned 1
call   10 returned 1
branch 11 taken 1 (fallthrough)
branch 12 taken 0 (throw)
        1:   58-block  2
call   13 returned 1
branch 14 taken 1 (fallthrough)
branch 15 taken 0 (throw)
        1:   58-block  3
call   16 returned 1
call   17 returned 1
call   18 returned 1
call   19 returned 1
call   20 returned 1
call   21 returned 1
    $$$$$:   58-block  4
call   22 never executed
    $$$$$:   58-block  5
    $$$$$:   58-block  6
call   23 never executed
    $$$$$:   58-block  7
    $$$$$:   58-block  8
call   24 never executed
    $$$$$:   58-block  9
    $$$$$:   58-block 10
call   25 never executed
    $$$$$:   58-block 11
    $$$$$:   58-block 12
call   26 never executed
    $$$$$:   58-block 13
    $$$$$:   58-block 14
call   27 never executed
    $$$$$:   58-block 15
    $$$$$:   58-block 16
call   28 never executed
        1:   59:    add_Event_to_repo("mcdonals", "coada", "https://static.wikia.nocookie.net/ed-edd-n-eddy-location-guide/images/d/d5/PCFF1.PNG/revision/latest?cb=20170317182509", Duration(7,41,2023,3,12), 7);
call    0 returned 1
call    1 returned 1
call    2 returned 1
branch  3 taken 1 (fallthrough)
branch  4 taken 0 (throw)
        1:   59-block  0
call    5 returned 1
call    6 returned 1
branch  7 taken 1 (fallthrough)
branch  8 taken 0 (throw)
        1:   59-block  1
call    9 returned 1
call   10 returned 1
branch 11 taken 1 (fallthrough)
branch 12 taken 0 (throw)
        1:   59-block  2
call   13 returned 1
branch 14 taken 1 (fallthrough)
branch 15 taken 0 (throw)
        1:   59-block  3
call   16 returned 1
call   17 returned 1
call   18 returned 1
call   19 returned 1
call   20 returned 1
call   21 returned 1
    $$$$$:   59-block  4
call   22 never executed
    $$$$$:   59-block  5
    $$$$$:   59-block  6
call   23 never executed
    $$$$$:   59-block  7
    $$$$$:   59-block  8
call   24 never executed
    $$$$$:   59-block  9
    $$$$$:   59-block 10
call   25 never executed
    $$$$$:   59-block 11
    $$$$$:   59-block 12
call   26 never executed
    $$$$$:   59-block 13
    $$$$$:   59-block 14
call   27 never executed
    $$$$$:   59-block 15
    $$$$$:   59-block 16
call   28 never executed
        1:   60:    add_Event_to_repo("Smash", "Varga", "https://cn.i.cdn.ti-platform.com/cnemea/content/7393/game/4.0Migration_EdEddnEddy_CuldesacSmash_Cover.jpg", Duration(1,26,2022,12,3), 3);
call    0 returned 1
call    1 returned 1
call    2 returned 1
branch  3 taken 1 (fallthrough)
branch  4 taken 0 (throw)
        1:   60-block  0
call    5 returned 1
call    6 returned 1
branch  7 taken 1 (fallthrough)
branch  8 taken 0 (throw)
        1:   60-block  1
call    9 returned 1
call   10 returned 1
branch 11 taken 1 (fallthrough)
branch 12 taken 0 (throw)
        1:   60-block  2
call   13 returned 1
branch 14 taken 1 (fallthrough)
branch 15 taken 0 (throw)
        1:   60-block  3
call   16 returned 1
call   17 returned 1
call   18 returned 1
call   19 returned 1
call   20 returned 1
call   21 returned 1
    $$$$$:   60-block  4
call   22 never executed
    $$$$$:   60-block  5
    $$$$$:   60-block  6
call   23 never executed
    $$$$$:   60-block  7
    $$$$$:   60-block  8
call   24 never executed
    $$$$$:   60-block  9
    $$$$$:   60-block 10
call   25 never executed
    $$$$$:   60-block 11
    $$$$$:   60-block 12
call   26 never executed
    $$$$$:   60-block 13
    $$$$$:   60-block 14
call   27 never executed
    $$$$$:   60-block 15
    $$$$$:   60-block 16
call   28 never executed
        1:   61:    add_Event_to_repo("Code end graduation party", "the code has ended forever","https://eventornado.com/?gclid=CjwKCAjwuYWSBhByEiwAKd_n_hyhnpYbe9iZvOLa5TaD0GTs5YDKFKc3Z-h6MB6tBO-Jj8sCip9N9hoCxy0QAvD_BwE", Duration(8,6,2060,9,9), 9);
call    0 returned 1
call    1 returned 1
call    2 returned 1
branch  3 taken 1 (fallthrough)
branch  4 taken 0 (throw)
        1:   61-block  0
call    5 returned 1
call    6 returned 1
branch  7 taken 1 (fallthrough)
branch  8 taken 0 (throw)
        1:   61-block  1
call    9 returned 1
call   10 returned 1
branch 11 taken 1 (fallthrough)
branch 12 taken 0 (throw)
        1:   61-block  2
call   13 returned 1
branch 14 taken 1 (fallthrough)
branch 15 taken 0 (throw)
        1:   61-block  3
call   16 returned 1
call   17 returned 1
call   18 returned 1
call   19 returned 1
call   20 returned 1
call   21 returned 1
    $$$$$:   61-block  4
call   22 never executed
    $$$$$:   61-block  5
    $$$$$:   61-block  6
call   23 never executed
    $$$$$:   61-block  7
    $$$$$:   61-block  8
call   24 never executed
    $$$$$:   61-block  9
    $$$$$:   61-block 10
call   25 never executed
    $$$$$:   61-block 11
    $$$$$:   61-block 12
call   26 never executed
    $$$$$:   61-block 13
    $$$$$:   61-block 14
call   27 never executed
    $$$$$:   61-block 15
        1:   62:}
        -:   63://
        -:   64://Event *Controller::get_agenda_Events() const {
        -:   65://    Event* Events_in_agenda = agenda.get_all_events();
        -:   66://    return Events_in_agenda;
        -:   67://}
function _ZNK10Controller16get_Event_agendaEi called 0 returned 0% blocks executed 0%
    #####:   68:Event Controller::get_Event_agenda(int i) const {
    #####:   69:    return this->agenda.get_Event(i);
    %%%%%:   69-block  0
call    0 never executed
        -:   70:}
        -:   71:
function _ZNK10Controller27get_number_of_Events_agendaEv called 0 returned 0% blocks executed 0%
    #####:   72:int Controller::get_number_of_Events_agenda() const {
    #####:   73:    return agenda.get_nr_of_event();
    %%%%%:   73-block  0
call    0 never executed
        -:   74:}
        -:   75:
function _ZNK10Controller23get_all_Events_by_monthEiRi called 0 returned 0% blocks executed 0%
    #####:   76:Event* Controller::get_all_Events_by_month(int month, int &nr_Events) const{
    #####:   77:    Event* result  = new Event[repo.get_number_of_Events()];
    %%%%%:   77-block  0
call    0 never executed
branch  1 never executed
branch  2 never executed
    %%%%%:   77-block  1
    %%%%%:   77-block  2
    %%%%%:   77-block  3
call    3 never executed
    %%%%%:   77-block  4
call    4 never executed
branch  5 never executed
branch  6 never executed
    %%%%%:   77-block  5
    %%%%%:   77-block  6
branch  7 never executed
branch  8 never executed
    $$$$$:   77-block  7
    $$$$$:   77-block  8
call    9 never executed
    $$$$$:   77-block  9
branch 10 never executed
branch 11 never executed
    $$$$$:   77-block 10
    $$$$$:   77-block 11
    $$$$$:   77-block 12
call   12 never executed
    #####:   78:    nr_Events = 0;
        -:   79:    //Event* Events = repo.get_all_Events();
    #####:   80:    for(int i=0;i<repo.get_number_of_Events();i++) {
    %%%%%:   80-block  0
    %%%%%:   80-block  1
call    0 never executed
branch  1 never executed
branch  2 never executed
    #####:   81:        Event Events = this->get_Event(i);
    %%%%%:   81-block  0
call    0 never executed
branch  1 never executed
branch  2 never executed
    #####:   82:        if (Events.get_duration().get_month() == month)
    %%%%%:   82-block  0
call    0 never executed
branch  1 never executed
branch  2 never executed
    %%%%%:   82-block  1
call    3 never executed
branch  4 never executed
branch  5 never executed
    %%%%%:   82-block  2
branch  6 never executed
branch  7 never executed
    $$$$$:   82-block  3
    #####:   83:            result[nr_Events++] = Events;
    %%%%%:   83-block  0
call    0 never executed
branch  1 never executed
branch  2 never executed
    #####:   84:    }
    %%%%%:   84-block  0
call    0 never executed
    $$$$$:   84-block  1
call    1 never executed
    #####:   85:    return result;
    %%%%%:   85-block  0
    %%%%%:   85-block  1
        -:   86:}
        -:   87:
function _ZN10Controller19add_Event_to_agendaER5Event called 1 returned 100% blocks executed 100%
        1:   88:bool Controller::add_Event_to_agenda(Event& to_add) {
        1:   89:    return agenda.addEvent(to_add);
        1:   89-block  0
call    0 returned 1
        -:   90:}
        -:   91:
function _ZN10Controller24delete_Event_from_agendaER5Event called 0 returned 0% blocks executed 0%
    #####:   92:bool Controller::delete_Event_from_agenda(Event& to_delete) {
    #####:   93:    return agenda.deleteEvent(to_delete);
    %%%%%:   93-block  0
call    0 never executed
        -:   94:}
        -:   95:
function _ZN10Controller25get_Event_position_agendaEi called 0 returned 0% blocks executed 0%
    #####:   96:Event Controller::get_Event_position_agenda(int position) {
    #####:   97:    return agenda.get_event_from_agenda(position);
    %%%%%:   97-block  0
call    0 never executed
        -:   98:}
        -:   99:
function _ZN10Controller12sort_by_dateEv called 1 returned 100% blocks executed 52%
        1:  100:void Controller::sort_by_date()
        -:  101:{
        1:  102:    Event elem,elem2;
        1:  102-block  0
call    0 returned 1
branch  1 taken 1 (fallthrough)
branch  2 taken 0 (throw)
        1:  102-block  1
call    3 returned 1
branch  4 taken 1 (fallthrough)
branch  5 taken 0 (throw)
       10:  103:    for (int i=0; i< repo.get_number_of_Events()-1;i++)
        1:  103-block  0
        9:  103-block  1
       10:  103-block  2
call    0 returned 10
branch  1 taken 10 (fallthrough)
branch  2 taken 0 (throw)
       10:  103-block  3
branch  3 taken 9
branch  4 taken 1 (fallthrough)
       54:  104:        for (int j=i+1; j< repo.get_number_of_Events();j++)
        9:  104-block  0
       45:  104-block  1
       54:  104-block  2
call    0 returned 54
branch  1 taken 54 (fallthrough)
branch  2 taken 0 (throw)
       54:  104-block  3
branch  3 taken 45
branch  4 taken 9 (fallthrough)
       90:  105:            if(repo.get_event_from_pos(i).get_duration().get_year()>repo.get_event_from_pos(j).get_duration().get_year()
       45:  105-block  0
call    0 returned 45
branch  1 taken 45 (fallthrough)
branch  2 taken 0 (throw)
       45:  105-block  1
call    3 returned 45
branch  4 taken 45 (fallthrough)
branch  5 taken 0 (throw)
       45:  105-block  2
call    6 returned 45
branch  7 taken 45 (fallthrough)
branch  8 taken 0 (throw)
       45:  105-block  3
call    9 returned 45
branch 10 taken 45 (fallthrough)
branch 11 taken 0 (throw)
       45:  105-block  4
call   12 returned 45
branch 13 taken 45 (fallthrough)
branch 14 taken 0 (throw)
       45:  105-block  5
call   15 returned 45
       45:  105-block  6
branch 16 taken 45 (fallthrough)
branch 17 taken 0
       45:  105-block  7
call   18 returned 45
       45:  105-block  8
branch 19 taken 17 (fallthrough)
branch 20 taken 28
    $$$$$:  105-block  9
    $$$$$:  105-block 10
branch 21 never executed
branch 22 never executed
    $$$$$:  105-block 11
call   23 never executed
    $$$$$:  105-block 12
    $$$$$:  105-block 13
    $$$$$:  105-block 14
branch 24 never executed
branch 25 never executed
    $$$$$:  105-block 15
call   26 never executed
    $$$$$:  105-block 16
       80:  106:            || (repo.get_event_from_pos(i).get_duration().get_year()==repo.get_event_from_pos(j).get_duration().get_year()
       35:  106-block  0
call    0 returned 35
branch  1 taken 35 (fallthrough)
branch  2 taken 0 (throw)
       35:  106-block  1
call    3 returned 35
branch  4 taken 35 (fallthrough)
branch  5 taken 0 (throw)
       35:  106-block  2
call    6 returned 35
branch  7 taken 35 (fallthrough)
branch  8 taken 0 (throw)
       35:  106-block  3
call    9 returned 35
branch 10 taken 35 (fallthrough)
branch 11 taken 0 (throw)
       35:  106-block  4
call   12 returned 35
branch 13 taken 35 (fallthrough)
branch 14 taken 0 (throw)
       35:  106-block  5
call   15 returned 35
branch 16 taken 35 (fallthrough)
branch 17 taken 0 (throw)
       35:  106-block  6
branch 18 taken 9 (fallthrough)
branch 19 taken 26
       35:  106-block  7
call   20 returned 35
       45:  106-block  8
branch 21 taken 35 (fallthrough)
branch 22 taken 10
       35:  106-block  9
call   23 returned 35
       45:  106-block 10
branch 24 taken 45 (fallthrough)
branch 25 taken 0
    $$$$$:  106-block 11
    $$$$$:  106-block 12
branch 26 never executed
branch 27 never executed
    $$$$$:  106-block 13
call   28 never executed
    $$$$$:  106-block 14
    $$$$$:  106-block 15
    $$$$$:  106-block 16
branch 29 never executed
branch 30 never executed
    $$$$$:  106-block 17
call   31 never executed
    $$$$$:  106-block 18
       54:  107:            && repo.get_event_from_pos(i).get_duration().get_month()>repo.get_event_from_pos(j).get_duration().get_month())
        9:  107-block  0
call    0 returned 9
branch  1 taken 9 (fallthrough)
branch  2 taken 0 (throw)
        9:  107-block  1
call    3 returned 9
branch  4 taken 9 (fallthrough)
branch  5 taken 0 (throw)
        9:  107-block  2
call    6 returned 9
branch  7 taken 9 (fallthrough)
branch  8 taken 0 (throw)
        9:  107-block  3
call    9 returned 9
branch 10 taken 9 (fallthrough)
branch 11 taken 0 (throw)
        9:  107-block  4
call   12 returned 9
branch 13 taken 9 (fallthrough)
branch 14 taken 0 (throw)
        9:  107-block  5
call   15 returned 9
branch 16 taken 9 (fallthrough)
branch 17 taken 0 (throw)
        9:  107-block  6
branch 18 taken 3 (fallthrough)
branch 19 taken 6
        9:  107-block  7
call   20 returned 9
       45:  107-block  8
branch 21 taken 9 (fallthrough)
branch 22 taken 36
        9:  107-block  9
call   23 returned 9
       45:  107-block 10
branch 24 taken 35 (fallthrough)
branch 25 taken 10
    $$$$$:  107-block 11
    $$$$$:  107-block 12
branch 26 never executed
branch 27 never executed
    $$$$$:  107-block 13
call   28 never executed
    $$$$$:  107-block 14
    $$$$$:  107-block 15
    $$$$$:  107-block 16
branch 29 never executed
branch 30 never executed
    $$$$$:  107-block 17
call   31 never executed
    $$$$$:  107-block 18
      199:  108:            || (repo.get_event_from_pos(i).get_duration().get_year()==repo.get_event_from_pos(j).get_duration().get_year()
       45:  108-block  0
call    0 returned 45
branch  1 taken 45 (fallthrough)
branch  2 taken 0 (throw)
       45:  108-block  1
branch  3 taken 35 (fallthrough)
branch  4 taken 10
       29:  108-block  2
call    5 returned 29
branch  6 taken 29 (fallthrough)
branch  7 taken 0 (throw)
       29:  108-block  3
call    8 returned 29
branch  9 taken 29 (fallthrough)
branch 10 taken 0 (throw)
       29:  108-block  4
call   11 returned 29
branch 12 taken 29 (fallthrough)
branch 13 taken 0 (throw)
       29:  108-block  5
call   14 returned 29
branch 15 taken 29 (fallthrough)
branch 16 taken 0 (throw)
       29:  108-block  6
call   17 returned 29
branch 18 taken 29 (fallthrough)
branch 19 taken 0 (throw)
       29:  108-block  7
call   20 returned 29
branch 21 taken 29 (fallthrough)
branch 22 taken 0 (throw)
       17:  108-block  8
       28:  108-block  9
       29:  108-block 10
call   23 returned 29
       45:  108-block 11
branch 24 taken 29 (fallthrough)
branch 25 taken 16
       29:  108-block 12
call   26 returned 29
       45:  108-block 13
branch 27 taken 9 (fallthrough)
branch 28 taken 36
    $$$$$:  108-block 14
    $$$$$:  108-block 15
branch 29 never executed
branch 30 never executed
    $$$$$:  108-block 16
call   31 never executed
    $$$$$:  108-block 17
    $$$$$:  108-block 18
    $$$$$:  108-block 19
branch 32 never executed
branch 33 never executed
    $$$$$:  108-block 20
call   34 never executed
    $$$$$:  108-block 21
       75:  109:                && repo.get_event_from_pos(i).get_duration().get_month()==repo.get_event_from_pos(j).get_duration().get_month() &&
       29:  109-block  0
branch  0 taken 3 (fallthrough)
branch  1 taken 26
        3:  109-block  1
call    2 returned 3
branch  3 taken 3 (fallthrough)
branch  4 taken 0 (throw)
        3:  109-block  2
call    5 returned 3
branch  6 taken 3 (fallthrough)
branch  7 taken 0 (throw)
        3:  109-block  3
call    8 returned 3
branch  9 taken 3 (fallthrough)
branch 10 taken 0 (throw)
        3:  109-block  4
call   11 returned 3
branch 12 taken 3 (fallthrough)
branch 13 taken 0 (throw)
        3:  109-block  5
call   14 returned 3
branch 15 taken 3 (fallthrough)
branch 16 taken 0 (throw)
        3:  109-block  6
call   17 returned 3
branch 18 taken 3 (fallthrough)
branch 19 taken 0 (throw)
        3:  109-block  7
branch 20 taken 1 (fallthrough)
branch 21 taken 2
        1:  109-block  8
       28:  109-block  9
       29:  109-block 10
branch 22 taken 1 (fallthrough)
branch 23 taken 28
        3:  109-block 11
call   24 returned 3
       45:  109-block 12
branch 25 taken 3 (fallthrough)
branch 26 taken 42
        3:  109-block 13
call   27 returned 3
       45:  109-block 14
branch 28 taken 29 (fallthrough)
branch 29 taken 16
    $$$$$:  109-block 15
    $$$$$:  109-block 16
branch 30 never executed
branch 31 never executed
    $$$$$:  109-block 17
call   32 never executed
    $$$$$:  109-block 18
    $$$$$:  109-block 19
    $$$$$:  109-block 20
branch 33 never executed
branch 34 never executed
    $$$$$:  109-block 21
call   35 never executed
    $$$$$:  109-block 22
       46:  110:                    repo.get_event_from_pos(i).get_duration().get_day()>repo.get_event_from_pos(j).get_duration().get_day() )==1)
        1:  110-block  0
call    0 returned 1
branch  1 taken 1 (fallthrough)
branch  2 taken 0 (throw)
        1:  110-block  1
call    3 returned 1
branch  4 taken 1 (fallthrough)
branch  5 taken 0 (throw)
        1:  110-block  2
call    6 returned 1
branch  7 taken 1 (fallthrough)
branch  8 taken 0 (throw)
        1:  110-block  3
call    9 returned 1
branch 10 taken 1 (fallthrough)
branch 11 taken 0 (throw)
        1:  110-block  4
call   12 returned 1
branch 13 taken 1 (fallthrough)
branch 14 taken 0 (throw)
        1:  110-block  5
call   15 returned 1
branch 16 taken 1 (fallthrough)
branch 17 taken 0 (throw)
        1:  110-block  6
branch 18 taken 1 (fallthrough)
branch 19 taken 0
       45:  110-block  7
branch 20 taken 1 (fallthrough)
branch 21 taken 44
        1:  110-block  8
call   22 returned 1
       45:  110-block  9
branch 23 taken 1 (fallthrough)
branch 24 taken 44
        1:  110-block 10
call   25 returned 1
       45:  110-block 11
branch 26 taken 3 (fallthrough)
branch 27 taken 42
    $$$$$:  110-block 12
    $$$$$:  110-block 13
branch 28 never executed
branch 29 never executed
    $$$$$:  110-block 14
call   30 never executed
    $$$$$:  110-block 15
    $$$$$:  110-block 16
    $$$$$:  110-block 17
branch 31 never executed
branch 32 never executed
    $$$$$:  110-block 18
call   33 never executed
    $$$$$:  110-block 19
        -:  111:            {
       17:  112:                elem = repo.get_event_from_pos(i);
       17:  112-block  0
call    0 returned 17
branch  1 taken 17 (fallthrough)
branch  2 taken 0 (throw)
       17:  112-block  1
call    3 returned 17
branch  4 taken 17 (fallthrough)
branch  5 taken 0 (throw)
       17:  112-block  2
call    6 returned 17
    $$$$$:  112-block  3
call    7 never executed
    $$$$$:  112-block  4
       17:  113:                elem2= repo.get_event_from_pos(j);
call    0 returned 17
branch  1 taken 17 (fallthrough)
branch  2 taken 0 (throw)
       17:  113-block  0
call    3 returned 17
branch  4 taken 17 (fallthrough)
branch  5 taken 0 (throw)
       17:  113-block  1
call    6 returned 17
    $$$$$:  113-block  2
call    7 never executed
    $$$$$:  113-block  3
        -:  114:
        -:  115:
        -:  116:                //repo.get_event_from_pos(i) = repo.get_event_from_pos(j);
        -:  117:                //repo.get_event_from_pos(j)= elem;
       17:  118:                update_Event_in_repo(elem.get_title(),elem.get_description(),elem.get_link(),"placeholder",elem2.get_description(),elem2.get_link(),elem2.get_duration(),elem2.get_number_of_people());
call    0 returned 17
branch  1 taken 17 (fallthrough)
branch  2 taken 0 (throw)
       17:  118-block  0
call    3 returned 17
branch  4 taken 17 (fallthrough)
branch  5 taken 0 (throw)
       17:  118-block  1
call    6 returned 17
branch  7 taken 17 (fallthrough)
branch  8 taken 0 (throw)
       17:  118-block  2
call    9 returned 17
branch 10 taken 17 (fallthrough)
branch 11 taken 0 (throw)
       17:  118-block  3
call   12 returned 17
call   13 returned 17
branch 14 taken 17 (fallthrough)
branch 15 taken 0 (throw)
       17:  118-block  4
call   16 returned 17
branch 17 taken 17 (fallthrough)
branch 18 taken 0 (throw)
       17:  118-block  5
call   19 returned 17
branch 20 taken 17 (fallthrough)
branch 21 taken 0 (throw)
       17:  118-block  6
call   22 returned 17
branch 23 taken 17 (fallthrough)
branch 24 taken 0 (throw)
       17:  118-block  7
call   25 returned 17
branch 26 taken 17 (fallthrough)
branch 27 taken 0 (throw)
       17:  118-block  8
call   28 returned 17
call   29 returned 17
call   30 returned 17
call   31 returned 17
call   32 returned 17
call   33 returned 17
call   34 returned 17
    $$$$$:  118-block  9
call   35 never executed
    $$$$$:  118-block 10
    $$$$$:  118-block 11
call   36 never executed
    $$$$$:  118-block 12
    $$$$$:  118-block 13
call   37 never executed
    $$$$$:  118-block 14
    $$$$$:  118-block 15
call   38 never executed
    $$$$$:  118-block 16
    $$$$$:  118-block 17
call   39 never executed
    $$$$$:  118-block 18
    $$$$$:  118-block 19
call   40 never executed
    $$$$$:  118-block 20
    $$$$$:  118-block 21
call   41 never executed
    $$$$$:  118-block 22
    $$$$$:  118-block 23
       17:  119:                update_Event_in_repo(elem2.get_title(),elem2.get_description(),elem2.get_link(),elem.get_title(),elem.get_description(),elem.get_link(),elem.get_duration(),elem.get_number_of_people());
call    0 returned 17
branch  1 taken 17 (fallthrough)
branch  2 taken 0 (throw)
       17:  119-block  0
call    3 returned 17
branch  4 taken 17 (fallthrough)
branch  5 taken 0 (throw)
       17:  119-block  1
call    6 returned 17
branch  7 taken 17 (fallthrough)
branch  8 taken 0 (throw)
       17:  119-block  2
call    9 returned 17
branch 10 taken 17 (fallthrough)
branch 11 taken 0 (throw)
       17:  119-block  3
call   12 returned 17
branch 13 taken 17 (fallthrough)
branch 14 taken 0 (throw)
       17:  119-block  4
call   15 returned 17
branch 16 taken 17 (fallthrough)
branch 17 taken 0 (throw)
       17:  119-block  5
call   18 returned 17
branch 19 taken 17 (fallthrough)
branch 20 taken 0 (throw)
       17:  119-block  6
call   21 returned 17
branch 22 taken 17 (fallthrough)
branch 23 taken 0 (throw)
       17:  119-block  7
call   24 returned 17
branch 25 taken 17 (fallthrough)
branch 26 taken 0 (throw)
       17:  119-block  8
call   27 returned 17
call   28 returned 17
call   29 returned 17
call   30 returned 17
call   31 returned 17
call   32 returned 17
    $$$$$:  119-block  9
call   33 never executed
    $$$$$:  119-block 10
    $$$$$:  119-block 11
call   34 never executed
    $$$$$:  119-block 12
    $$$$$:  119-block 13
call   35 never executed
    $$$$$:  119-block 14
    $$$$$:  119-block 15
call   36 never executed
    $$$$$:  119-block 16
    $$$$$:  119-block 17
call   37 never executed
    $$$$$:  119-block 18
    $$$$$:  119-block 19
call   38 never executed
    $$$$$:  119-block 20
    $$$$$:  119-block 21
       17:  120:                update_Event_in_repo("placeholder",elem2.get_description(),elem2.get_link(),elem2.get_title(),elem2.get_description(),elem2.get_link(),elem2.get_duration(),elem2.get_number_of_people());
call    0 returned 17
branch  1 taken 17 (fallthrough)
branch  2 taken 0 (throw)
       17:  120-block  0
call    3 returned 17
branch  4 taken 17 (fallthrough)
branch  5 taken 0 (throw)
       17:  120-block  1
call    6 returned 17
branch  7 taken 17 (fallthrough)
branch  8 taken 0 (throw)
       17:  120-block  2
call    9 returned 17
branch 10 taken 17 (fallthrough)
branch 11 taken 0 (throw)
       17:  120-block  3
call   12 returned 17
branch 13 taken 17 (fallthrough)
branch 14 taken 0 (throw)
       17:  120-block  4
call   15 returned 17
branch 16 taken 17 (fallthrough)
branch 17 taken 0 (throw)
       17:  120-block  5
call   18 returned 17
branch 19 taken 17 (fallthrough)
branch 20 taken 0 (throw)
       17:  120-block  6
call   21 returned 17
call   22 returned 17
branch 23 taken 17 (fallthrough)
branch 24 taken 0 (throw)
       17:  120-block  7
call   25 returned 17
branch 26 taken 17 (fallthrough)
branch 27 taken 0 (throw)
       17:  120-block  8
call   28 returned 17
call   29 returned 17
call   30 returned 17
call   31 returned 17
call   32 returned 17
call   33 returned 17
call   34 returned 17
    $$$$$:  120-block  9
call   35 never executed
    $$$$$:  120-block 10
    $$$$$:  120-block 11
call   36 never executed
    $$$$$:  120-block 12
    $$$$$:  120-block 13
call   37 never executed
    $$$$$:  120-block 14
    $$$$$:  120-block 15
call   38 never executed
    $$$$$:  120-block 16
    $$$$$:  120-block 17
call   39 never executed
    $$$$$:  120-block 18
    $$$$$:  120-block 19
call   40 never executed
    $$$$$:  120-block 20
    $$$$$:  120-block 21
call   41 never executed
    $$$$$:  120-block 22
    $$$$$:  120-block 23
        -:  121:            }
        -:  122:
        -:  123:    //return repo.get_all_Events();
        1:  124:}
        1:  124-block  0
call    0 returned 1
call    1 returned 1
    $$$$$:  124-block  1
call    2 never executed
    $$$$$:  124-block  2
call    3 never executed
